TN:
SF:expressError.js
FN:8,(anonymous_0)
FN:18,(anonymous_1)
FN:26,(anonymous_2)
FN:34,(anonymous_3)
FN:42,(anonymous_4)
FNF:5
FNH:0
FNDA:0,(anonymous_0)
FNDA:0,(anonymous_1)
FNDA:0,(anonymous_2)
FNDA:0,(anonymous_3)
FNDA:0,(anonymous_4)
DA:9,0
DA:10,0
DA:11,0
DA:19,0
DA:27,0
DA:35,0
DA:43,0
DA:47,1
LF:8
LH:1
BRDA:18,0,0,0
BRDA:26,1,0,0
BRDA:34,2,0,0
BRDA:42,3,0,0
BRF:4
BRH:0
end_of_record
TN:
SF:helpers/sql.js
FN:5,sqlForPartialUpdate
FN:13,(anonymous_1)
FNF:2
FNH:2
FNDA:1,sqlForPartialUpdate
FNDA:2,(anonymous_1)
DA:1,1
DA:6,1
DA:7,1
DA:9,1
DA:13,1
DA:14,2
DA:17,1
DA:19,1
DA:25,1
LF:9
LH:9
BRDA:7,0,0,0
BRDA:7,0,1,1
BRDA:14,1,0,2
BRDA:14,1,1,1
BRF:4
BRH:3
end_of_record
